f:\teaching\sem1\acg\hws\gameengine\gameengine\debug\vc142.pdb
f:\teaching\sem1\acg\hws\gameengine\gameengine\debug\vc142.idb
f:\teaching\sem1\acg\hws\gameengine\gameengine\debug\texture.obj
f:\teaching\sem1\acg\hws\gameengine\gameengine\debug\shader.obj
f:\teaching\sem1\acg\hws\gameengine\gameengine\debug\mesh.obj
f:\teaching\sem1\acg\hws\gameengine\gameengine\debug\meshloaderobj.obj
f:\teaching\sem1\acg\hws\gameengine\gameengine\debug\main.obj
f:\teaching\sem1\acg\hws\gameengine\gameengine\debug\window.obj
f:\teaching\sem1\acg\hws\gameengine\gameengine\debug\camera.obj
f:\teaching\sem1\acg\hws\gameengine\debug\gameengine.exe
f:\teaching\sem1\acg\hws\gameengine\debug\gameengine.ilk
f:\teaching\sem1\acg\hws\gameengine\debug\gameengine.pdb
f:\teaching\sem1\acg\hws\gameengine\gameengine\debug\vc140.idb
f:\teaching\sem1\acg\hws\gameengine\gameengine\debug\vc140.pdb
f:\teaching\sem1\acg\hws\gameengine\gameengine\debug\gameengine.tlog\cl.command.1.tlog
f:\teaching\sem1\acg\hws\gameengine\gameengine\debug\gameengine.tlog\cl.read.1.tlog
f:\teaching\sem1\acg\hws\gameengine\gameengine\debug\gameengine.tlog\cl.write.1.tlog
f:\teaching\sem1\acg\hws\gameengine\gameengine\debug\gameengine.tlog\link.command.1.tlog
f:\teaching\sem1\acg\hws\gameengine\gameengine\debug\gameengine.tlog\link.read.1.tlog
f:\teaching\sem1\acg\hws\gameengine\gameengine\debug\gameengine.tlog\link.write.1.tlog
